09:51:48:097  INFO 14764 --- [main] com.hmall.HMallApplication               : Starting HMallApplication using Java 11.0.22 on HeXuan with PID 14764 (D:\大学学习资料\大三下\springcloud\微服务—资料\hmall\hm-service\target\classes started by 14020 in D:\大学学习资料\大三下\springcloud\微服务—资料\hmall)
09:51:48:103 DEBUG 14764 --- [main] com.hmall.HMallApplication               : Running with Spring Boot v2.7.12, Spring v5.3.27
09:51:48:103  INFO 14764 --- [main] com.hmall.HMallApplication               : The following 1 profile is active: "local"
09:51:48:676  INFO 14764 --- [main] .s.d.r.c.RepositoryConfigurationDelegate : Multiple Spring Data modules found, entering strict repository configuration mode
09:51:48:679  INFO 14764 --- [main] .s.d.r.c.RepositoryConfigurationDelegate : Bootstrapping Spring Data Redis repositories in DEFAULT mode.
09:51:48:694  INFO 14764 --- [main] .s.d.r.c.RepositoryConfigurationDelegate : Finished Spring Data repository scanning in 8 ms. Found 0 Redis repository interfaces.
09:51:48:987  INFO 14764 --- [main] o.s.b.w.embedded.tomcat.TomcatWebServer  : Tomcat initialized with port(s): 8080 (http)
09:51:48:987  INFO 14764 --- [main] o.a.catalina.core.AprLifecycleListener   : Loaded Apache Tomcat Native library [1.2.36] using APR version [1.7.2].
09:51:48:987  INFO 14764 --- [main] o.a.catalina.core.AprLifecycleListener   : APR capabilities: IPv6 [true], sendfile [true], accept filters [false], random [true], UDS [true].
09:51:48:988  INFO 14764 --- [main] o.a.catalina.core.AprLifecycleListener   : APR/OpenSSL configuration: useAprConnector [false], useOpenSSL [true]
09:51:48:990  INFO 14764 --- [main] o.a.catalina.core.AprLifecycleListener   : OpenSSL successfully initialized [OpenSSL 1.1.1t  7 Feb 2023]
09:51:48:994  INFO 14764 --- [main] o.apache.catalina.core.StandardService   : Starting service [Tomcat]
09:51:48:994  INFO 14764 --- [main] org.apache.catalina.core.StandardEngine  : Starting Servlet engine: [Apache Tomcat/9.0.75]
09:51:49:054  INFO 14764 --- [main] o.a.c.c.C.[Tomcat].[localhost].[/]       : Initializing Spring embedded WebApplicationContext
09:51:49:054  INFO 14764 --- [main] w.s.c.ServletWebServerApplicationContext : Root WebApplicationContext: initialization completed in 906 ms
09:51:50:039  INFO 14764 --- [main] pertySourcedRequestMappingHandlerMapping : Mapped URL path [/v2/api-docs] onto method [springfox.documentation.swagger2.web.Swagger2ControllerWebMvc#getDocumentation(String, HttpServletRequest)]
09:51:50:215  INFO 14764 --- [main] o.s.b.w.embedded.tomcat.TomcatWebServer  : Tomcat started on port(s): 8080 (http) with context path ''
09:51:50:217  INFO 14764 --- [main] d.s.w.p.DocumentationPluginsBootstrapper : Documentation plugins bootstrapped
09:51:50:219  INFO 14764 --- [main] d.s.w.p.DocumentationPluginsBootstrapper : Found 1 custom documentation plugin(s)
09:51:50:234  INFO 14764 --- [main] s.d.s.w.s.ApiListingReferenceScanner     : Scanning for api listing references
09:51:50:375  INFO 14764 --- [main] com.hmall.HMallApplication               : Started HMallApplication in 2.639 seconds (JVM running for 3.237)
